#! /c/Source/iverilog-install/bin/vvp
:ivl_version "12.0 (devel)" "(s20150603-1539-g2693dd32b)";
:ivl_delay_selection "TYPICAL";
:vpi_time_precision - 12;
:vpi_module "C:\iverilog\lib\ivl\system.vpi";
:vpi_module "C:\iverilog\lib\ivl\vhdl_sys.vpi";
:vpi_module "C:\iverilog\lib\ivl\vhdl_textio.vpi";
:vpi_module "C:\iverilog\lib\ivl\v2005_math.vpi";
:vpi_module "C:\iverilog\lib\ivl\va_math.vpi";
S_000001d6f183c4a0 .scope module, "top_module_tb" "top_module_tb" 2 3;
 .timescale -9 -12;
v000001d6f18a29e0_0 .var "clk", 0 0;
v000001d6f18a2bc0_0 .net "done", 0 0, L_000001d6f18a28a0;  1 drivers
v000001d6f18a2a80_0 .var "in", 0 0;
v000001d6f18a2300_0 .net "out_byte", 7 0, L_000001d6f184c940;  1 drivers
v000001d6f18a2800_0 .var "reset", 0 0;
S_000001d6f183e170 .scope task, "send_byte" "send_byte" 2 34, 2 34 0, S_000001d6f183c4a0;
 .timescale -9 -12;
v000001d6f183c630_0 .var "data", 7 0;
v000001d6f1838680_0 .var/i "i", 31 0;
v000001d6f183ab40_0 .var "valid_stop", 0 0;
E_000001d6f1837dc0 .event posedge, v000001d6f17fbe10_0;
TD_top_module_tb.send_byte ;
    %vpi_call 2 37 "$display", "Sending byte: 8'h%h (binary: %b)", v000001d6f183c630_0, v000001d6f183c630_0 {0 0 0};
    %pushi/vec4 0, 0, 1;
    %store/vec4 v000001d6f18a2a80_0, 0, 1;
    %wait E_000001d6f1837dc0;
    %pushi/vec4 0, 0, 32;
    %store/vec4 v000001d6f1838680_0, 0, 32;
T_0.0 ;
    %load/vec4 v000001d6f1838680_0;
    %cmpi/s 8, 0, 32;
    %jmp/0xz T_0.1, 5;
    %load/vec4 v000001d6f183c630_0;
    %load/vec4 v000001d6f1838680_0;
    %part/s 1;
    %store/vec4 v000001d6f18a2a80_0, 0, 1;
    %wait E_000001d6f1837dc0;
    %load/vec4 v000001d6f1838680_0;
    %addi 1, 0, 32;
    %store/vec4 v000001d6f1838680_0, 0, 32;
    %jmp T_0.0;
T_0.1 ;
    %load/vec4 v000001d6f183ab40_0;
    %flag_set/vec4 8;
    %jmp/0 T_0.2, 8;
    %pushi/vec4 1, 0, 2;
    %jmp/1 T_0.3, 8;
T_0.2 ; End of true expr.
    %pushi/vec4 0, 0, 2;
    %jmp/0 T_0.3, 8;
 ; End of false expr.
    %blend;
T_0.3;
    %pad/s 1;
    %store/vec4 v000001d6f18a2a80_0, 0, 1;
    %wait E_000001d6f1837dc0;
    %pushi/vec4 1, 0, 1;
    %store/vec4 v000001d6f18a2a80_0, 0, 1;
    %wait E_000001d6f1837dc0;
    %end;
S_000001d6f1849970 .scope module, "uut" "top_module" 2 15, 3 1 0, S_000001d6f183c4a0;
 .timescale 0 0;
    .port_info 0 /INPUT 1 "clk";
    .port_info 1 /INPUT 1 "in";
    .port_info 2 /INPUT 1 "reset";
    .port_info 3 /OUTPUT 8 "out_byte";
    .port_info 4 /OUTPUT 1 "done";
P_000001d6f1837430 .param/l "DONE" 0 3 9, C4<100>;
P_000001d6f1837468 .param/l "IDLE" 0 3 9, C4<000>;
P_000001d6f18374a0 .param/l "READ" 0 3 9, C4<001>;
P_000001d6f18374d8 .param/l "STOP" 0 3 9, C4<010>;
P_000001d6f1837510 .param/l "WAIT" 0 3 9, C4<011>;
L_000001d6f184c940 .functor BUFZ 8, v000001d6f183e300_0, C4<00000000>, C4<00000000>, C4<00000000>;
L_000001d6f18a3048 .functor BUFT 1, C4<100>, C4<0>, C4<0>, C4<0>;
v000001d6f17f6d00_0 .net/2u *"_ivl_0", 2 0, L_000001d6f18a3048;  1 drivers
v000001d6f17f6a90_0 .var "bit_cnt", 3 0;
v000001d6f17fbe10_0 .net "clk", 0 0, v000001d6f18a29e0_0;  1 drivers
v000001d6f183e300_0 .var "data_reg", 7 0;
v000001d6f1849b00_0 .net "done", 0 0, L_000001d6f18a28a0;  alias, 1 drivers
v000001d6f1849ba0_0 .net "in", 0 0, v000001d6f18a2a80_0;  1 drivers
v000001d6f1849c40_0 .var "next_state", 2 0;
v000001d6f1849ce0_0 .net "out_byte", 7 0, L_000001d6f184c940;  alias, 1 drivers
v000001d6f1843860_0 .net "reset", 0 0, v000001d6f18a2800_0;  1 drivers
v000001d6f1843900_0 .var "state", 2 0;
E_000001d6f1837a80 .event anyedge, v000001d6f1843900_0, v000001d6f1849ba0_0, v000001d6f17f6a90_0;
L_000001d6f18a28a0 .cmp/eq 3, v000001d6f1843900_0, L_000001d6f18a3048;
    .scope S_000001d6f1849970;
T_1 ;
    %wait E_000001d6f1837dc0;
    %load/vec4 v000001d6f1843860_0;
    %flag_set/vec4 8;
    %jmp/0xz  T_1.0, 8;
    %pushi/vec4 0, 0, 3;
    %assign/vec4 v000001d6f1843900_0, 0;
    %jmp T_1.1;
T_1.0 ;
    %load/vec4 v000001d6f1849c40_0;
    %assign/vec4 v000001d6f1843900_0, 0;
T_1.1 ;
    %jmp T_1;
    .thread T_1;
    .scope S_000001d6f1849970;
T_2 ;
    %wait E_000001d6f1837dc0;
    %load/vec4 v000001d6f1843860_0;
    %flag_set/vec4 8;
    %jmp/0xz  T_2.0, 8;
    %pushi/vec4 0, 0, 4;
    %assign/vec4 v000001d6f17f6a90_0, 0;
    %pushi/vec4 0, 0, 8;
    %assign/vec4 v000001d6f183e300_0, 0;
    %jmp T_2.1;
T_2.0 ;
    %load/vec4 v000001d6f1843900_0;
    %cmpi/e 1, 0, 3;
    %jmp/0xz  T_2.2, 4;
    %load/vec4 v000001d6f17f6a90_0;
    %addi 1, 0, 4;
    %assign/vec4 v000001d6f17f6a90_0, 0;
    %load/vec4 v000001d6f1849ba0_0;
    %load/vec4 v000001d6f183e300_0;
    %parti/s 7, 1, 2;
    %concat/vec4; draw_concat_vec4
    %assign/vec4 v000001d6f183e300_0, 0;
    %jmp T_2.3;
T_2.2 ;
    %pushi/vec4 0, 0, 4;
    %assign/vec4 v000001d6f17f6a90_0, 0;
T_2.3 ;
T_2.1 ;
    %jmp T_2;
    .thread T_2;
    .scope S_000001d6f1849970;
T_3 ;
    %wait E_000001d6f1837a80;
    %load/vec4 v000001d6f1843900_0;
    %dup/vec4;
    %pushi/vec4 0, 0, 3;
    %cmp/u;
    %jmp/1 T_3.0, 6;
    %dup/vec4;
    %pushi/vec4 1, 0, 3;
    %cmp/u;
    %jmp/1 T_3.1, 6;
    %dup/vec4;
    %pushi/vec4 2, 0, 3;
    %cmp/u;
    %jmp/1 T_3.2, 6;
    %dup/vec4;
    %pushi/vec4 4, 0, 3;
    %cmp/u;
    %jmp/1 T_3.3, 6;
    %dup/vec4;
    %pushi/vec4 3, 0, 3;
    %cmp/u;
    %jmp/1 T_3.4, 6;
    %pushi/vec4 0, 0, 3;
    %store/vec4 v000001d6f1849c40_0, 0, 3;
    %jmp T_3.6;
T_3.0 ;
    %load/vec4 v000001d6f1849ba0_0;
    %pad/u 32;
    %cmpi/e 0, 0, 32;
    %flag_mov 8, 4;
    %jmp/0 T_3.7, 8;
    %pushi/vec4 1, 0, 3;
    %jmp/1 T_3.8, 8;
T_3.7 ; End of true expr.
    %pushi/vec4 0, 0, 3;
    %jmp/0 T_3.8, 8;
 ; End of false expr.
    %blend;
T_3.8;
    %store/vec4 v000001d6f1849c40_0, 0, 3;
    %jmp T_3.6;
T_3.1 ;
    %load/vec4 v000001d6f17f6a90_0;
    %cmpi/e 7, 0, 4;
    %flag_mov 8, 4;
    %jmp/0 T_3.9, 8;
    %pushi/vec4 2, 0, 3;
    %jmp/1 T_3.10, 8;
T_3.9 ; End of true expr.
    %pushi/vec4 1, 0, 3;
    %jmp/0 T_3.10, 8;
 ; End of false expr.
    %blend;
T_3.10;
    %store/vec4 v000001d6f1849c40_0, 0, 3;
    %jmp T_3.6;
T_3.2 ;
    %load/vec4 v000001d6f1849ba0_0;
    %pad/u 32;
    %cmpi/e 1, 0, 32;
    %flag_mov 8, 4;
    %jmp/0 T_3.11, 8;
    %pushi/vec4 4, 0, 3;
    %jmp/1 T_3.12, 8;
T_3.11 ; End of true expr.
    %pushi/vec4 3, 0, 3;
    %jmp/0 T_3.12, 8;
 ; End of false expr.
    %blend;
T_3.12;
    %store/vec4 v000001d6f1849c40_0, 0, 3;
    %jmp T_3.6;
T_3.3 ;
    %load/vec4 v000001d6f1849ba0_0;
    %pad/u 32;
    %cmpi/e 0, 0, 32;
    %flag_mov 8, 4;
    %jmp/0 T_3.13, 8;
    %pushi/vec4 1, 0, 3;
    %jmp/1 T_3.14, 8;
T_3.13 ; End of true expr.
    %pushi/vec4 0, 0, 3;
    %jmp/0 T_3.14, 8;
 ; End of false expr.
    %blend;
T_3.14;
    %store/vec4 v000001d6f1849c40_0, 0, 3;
    %jmp T_3.6;
T_3.4 ;
    %load/vec4 v000001d6f1849ba0_0;
    %pad/u 32;
    %cmpi/e 1, 0, 32;
    %flag_mov 8, 4;
    %jmp/0 T_3.15, 8;
    %pushi/vec4 0, 0, 3;
    %jmp/1 T_3.16, 8;
T_3.15 ; End of true expr.
    %pushi/vec4 3, 0, 3;
    %jmp/0 T_3.16, 8;
 ; End of false expr.
    %blend;
T_3.16;
    %store/vec4 v000001d6f1849c40_0, 0, 3;
    %jmp T_3.6;
T_3.6 ;
    %pop/vec4 1;
    %jmp T_3;
    .thread T_3, $push;
    .scope S_000001d6f183c4a0;
T_4 ;
    %pushi/vec4 0, 0, 1;
    %store/vec4 v000001d6f18a29e0_0, 0, 1;
    %end;
    .thread T_4;
    .scope S_000001d6f183c4a0;
T_5 ;
    %delay 5000, 0;
    %load/vec4 v000001d6f18a29e0_0;
    %inv;
    %store/vec4 v000001d6f18a29e0_0, 0, 1;
    %jmp T_5;
    .thread T_5;
    .scope S_000001d6f183c4a0;
T_6 ;
    %vpi_call 2 29 "$dumpfile", "uart_datapath.vcd" {0 0 0};
    %vpi_call 2 30 "$dumpvars", 32'sb00000000000000000000000000000000, S_000001d6f183c4a0 {0 0 0};
    %end;
    .thread T_6;
    .scope S_000001d6f183c4a0;
T_7 ;
    %pushi/vec4 1, 0, 1;
    %store/vec4 v000001d6f18a2a80_0, 0, 1;
    %pushi/vec4 0, 0, 1;
    %store/vec4 v000001d6f18a2800_0, 0, 1;
    %wait E_000001d6f1837dc0;
    %pushi/vec4 1, 0, 1;
    %store/vec4 v000001d6f18a2800_0, 0, 1;
    %wait E_000001d6f1837dc0;
    %pushi/vec4 0, 0, 1;
    %store/vec4 v000001d6f18a2800_0, 0, 1;
    %wait E_000001d6f1837dc0;
    %pushi/vec4 75, 0, 8;
    %store/vec4 v000001d6f183c630_0, 0, 8;
    %pushi/vec4 1, 0, 1;
    %store/vec4 v000001d6f183ab40_0, 0, 1;
    %fork TD_top_module_tb.send_byte, S_000001d6f183e170;
    %join;
    %load/vec4 v000001d6f18a2bc0_0;
    %flag_set/vec4 9;
    %flag_get/vec4 9;
    %jmp/0 T_7.2, 9;
    %load/vec4 v000001d6f18a2300_0;
    %pushi/vec4 75, 0, 8;
    %cmp/e;
    %flag_get/vec4 4;
    %and;
T_7.2;
    %flag_set/vec4 8;
    %jmp/0xz  T_7.0, 8;
    %vpi_call 2 75 "$display", "SUCCESS: Received 0x4B correctly." {0 0 0};
    %jmp T_7.1;
T_7.0 ;
    %vpi_call 2 77 "$display", "ERROR: Expected 0x4B, Got 8'h%h (done=%b)", v000001d6f18a2300_0, v000001d6f18a2bc0_0 {0 0 0};
T_7.1 ;
    %pushi/vec4 2, 0, 32;
T_7.3 %dup/vec4;
    %pushi/vec4 0, 0, 32;
    %cmp/s;
    %jmp/1xz T_7.4, 5;
    %jmp/1 T_7.4, 4;
    %pushi/vec4 1, 0, 32;
    %sub;
    %wait E_000001d6f1837dc0;
    %jmp T_7.3;
T_7.4 ;
    %pop/vec4 1;
    %pushi/vec4 98, 0, 8;
    %store/vec4 v000001d6f183c630_0, 0, 8;
    %pushi/vec4 1, 0, 1;
    %store/vec4 v000001d6f183ab40_0, 0, 1;
    %fork TD_top_module_tb.send_byte, S_000001d6f183e170;
    %join;
    %load/vec4 v000001d6f18a2bc0_0;
    %flag_set/vec4 9;
    %flag_get/vec4 9;
    %jmp/0 T_7.7, 9;
    %load/vec4 v000001d6f18a2300_0;
    %pushi/vec4 98, 0, 8;
    %cmp/e;
    %flag_get/vec4 4;
    %and;
T_7.7;
    %flag_set/vec4 8;
    %jmp/0xz  T_7.5, 8;
    %vpi_call 2 84 "$display", "SUCCESS: Received 0x62 correctly." {0 0 0};
    %jmp T_7.6;
T_7.5 ;
    %vpi_call 2 86 "$display", "ERROR: Expected 0x62, Got 8'h%h (done=%b)", v000001d6f18a2300_0, v000001d6f18a2bc0_0 {0 0 0};
T_7.6 ;
    %pushi/vec4 2, 0, 32;
T_7.8 %dup/vec4;
    %pushi/vec4 0, 0, 32;
    %cmp/s;
    %jmp/1xz T_7.9, 5;
    %jmp/1 T_7.9, 4;
    %pushi/vec4 1, 0, 32;
    %sub;
    %wait E_000001d6f1837dc0;
    %jmp T_7.8;
T_7.9 ;
    %pop/vec4 1;
    %pushi/vec4 255, 0, 8;
    %store/vec4 v000001d6f183c630_0, 0, 8;
    %pushi/vec4 0, 0, 1;
    %store/vec4 v000001d6f183ab40_0, 0, 1;
    %fork TD_top_module_tb.send_byte, S_000001d6f183e170;
    %join;
    %load/vec4 v000001d6f18a2bc0_0;
    %flag_set/vec4 8;
    %jmp/0xz  T_7.10, 8;
    %vpi_call 2 94 "$display", "ERROR: 'done' pulsed despite framing error." {0 0 0};
    %jmp T_7.11;
T_7.10 ;
    %vpi_call 2 96 "$display", "SUCCESS: Framing error correctly ignored." {0 0 0};
T_7.11 ;
    %pushi/vec4 1, 0, 1;
    %store/vec4 v000001d6f18a2a80_0, 0, 1;
    %pushi/vec4 5, 0, 32;
T_7.12 %dup/vec4;
    %pushi/vec4 0, 0, 32;
    %cmp/s;
    %jmp/1xz T_7.13, 5;
    %jmp/1 T_7.13, 4;
    %pushi/vec4 1, 0, 32;
    %sub;
    %wait E_000001d6f1837dc0;
    %jmp T_7.12;
T_7.13 ;
    %pop/vec4 1;
    %vpi_call 2 102 "$display", "Simulation complete." {0 0 0};
    %vpi_call 2 103 "$finish" {0 0 0};
    %end;
    .thread T_7;
# The file index is used to find the file name in the following table.
:file_names 4;
    "N/A";
    "<interactive>";
    "tb.v";
    "serialdata.v";
